2020-07-25 15:57:38,126 INFO []
2020-07-25 15:57:38,260 INFO []
2020-07-25 15:57:38,399 INFO []
2020-07-25 15:57:38,546 INFO []
2020-07-25 15:57:38,671 INFO []
2020-07-25 15:57:38,795 INFO []
2020-07-25 15:57:38,915 INFO []
2020-07-25 15:57:39,027 INFO []
2020-07-25 15:57:39,139 INFO []
2020-07-25 15:57:39,250 INFO []
2020-07-25 15:57:39,369 INFO []
2020-07-25 15:57:39,481 INFO []
2020-07-25 15:57:39,593 INFO []
2020-07-25 15:57:39,711 INFO []
2020-07-25 15:57:39,819 INFO []
2020-07-25 15:57:39,937 INFO []
2020-07-25 15:57:40,056 INFO []
2020-07-25 15:57:40,172 INFO []
2020-07-25 15:57:40,283 INFO []
2020-07-25 15:57:40,393 INFO []
2020-07-25 15:57:40,512 INFO []
2020-07-25 15:57:40,624 INFO []
2020-07-25 15:57:40,739 INFO []
2020-07-25 15:57:40,856 INFO []
2020-07-25 15:57:40,975 INFO []
2020-07-25 15:57:41,093 INFO []
2020-07-25 15:57:41,214 INFO []
2020-07-25 15:57:41,332 INFO []
2020-07-25 15:57:41,442 INFO []
2020-07-25 15:57:41,562 INFO []
2020-07-25 15:57:41,684 INFO []
2020-07-25 15:57:41,794 INFO []
2020-07-25 15:57:41,907 INFO []
2020-07-25 15:57:42,029 INFO []
2020-07-25 15:57:42,148 INFO []
2020-07-25 15:57:42,258 INFO []
2020-07-25 15:57:42,371 INFO []
2020-07-25 15:57:42,489 INFO []
2020-07-25 15:57:42,612 INFO []
2020-07-25 15:57:42,729 INFO []
2020-07-25 15:57:42,843 INFO []
2020-07-25 15:57:42,965 INFO []
2020-07-25 15:57:43,087 INFO []
2020-07-25 15:57:43,208 INFO []
2020-07-25 15:57:43,328 INFO []
2020-07-25 15:57:43,448 INFO []
2020-07-25 15:57:43,557 INFO []
2020-07-25 15:57:43,676 INFO []
2020-07-25 15:57:43,796 INFO []
2020-07-25 15:57:43,919 INFO []
2020-07-25 15:57:44,038 INFO []
2020-07-25 15:57:44,159 INFO []
2020-07-25 15:57:44,267 INFO []
2020-07-25 15:57:44,387 INFO []
2020-07-25 15:57:44,500 INFO []
2020-07-25 15:57:44,622 INFO []
2020-07-25 15:57:44,734 INFO []
2020-07-25 15:57:44,843 INFO []
2020-07-25 15:57:44,960 INFO []
2020-07-25 15:57:45,068 INFO []
2020-07-25 15:57:45,191 INFO []
2020-07-25 15:57:45,303 INFO []
2020-07-25 15:57:45,413 INFO []
2020-07-25 15:57:45,533 INFO []
2020-07-25 15:57:45,652 INFO []
2020-07-25 15:57:45,793 INFO [[254, 187, 490, 432]]
2020-07-25 15:57:45,913 INFO [[280, 149, 489, 432]]
2020-07-25 15:57:46,034 INFO [[300, 126, 486, 432]]
2020-07-25 15:57:46,150 INFO [[314, 108, 488, 432]]
2020-07-25 15:57:46,267 INFO [[331, 92, 491, 427]]
2020-07-25 15:57:46,384 INFO [[342, 87, 506, 425]]
2020-07-25 15:57:46,495 INFO [[347, 76, 520, 432]]
2020-07-25 15:57:46,606 INFO [[361, 56, 525, 416]]
2020-07-25 15:57:46,726 INFO [[371, 44, 529, 403]]
2020-07-25 15:57:46,840 INFO []
2020-07-25 15:57:46,950 INFO [[370, 29, 538, 378]]
2020-07-25 15:57:47,059 INFO [[367, 26, 539, 378]]
2020-07-25 15:57:47,175 INFO [[350, 22, 535, 376]]
2020-07-25 15:57:47,285 INFO [[360, 17, 531, 368]]
2020-07-25 15:57:47,405 INFO [[366, 16, 527, 370]]
2020-07-25 15:57:47,526 INFO [[373, 21, 519, 383]]
2020-07-25 15:57:47,637 INFO [[377, 12, 521, 381]]
2020-07-25 15:57:47,757 INFO [[378, 10, 521, 381]]
2020-07-25 15:57:47,875 INFO [[377, 6, 520, 381]]
2020-07-25 15:57:47,995 INFO [[379, 6, 519, 383]]
2020-07-25 15:57:48,115 INFO [[376, 9, 516, 373]]
2020-07-25 15:57:48,226 INFO [[377, 7, 514, 374]]
2020-07-25 15:57:48,351 INFO [[375, 6, 514, 377]]
2020-07-25 15:57:48,470 INFO [[374, 6, 515, 377]]
2020-07-25 15:57:48,596 INFO [[373, 6, 516, 377]]
2020-07-25 15:57:48,705 INFO [[378, 3, 515, 384]]
2020-07-25 15:57:48,810 INFO [[377, 3, 516, 384]]
2020-07-25 15:57:48,933 INFO [[378, 4, 516, 383]]
2020-07-25 15:57:49,052 INFO [[379, 5, 515, 383]]
2020-07-25 15:57:49,163 INFO [[379, 5, 515, 382]]
2020-07-25 15:57:49,273 INFO [[379, 5, 516, 381]]
2020-07-25 15:57:49,394 INFO [[378, 5, 516, 382]]
2020-07-25 15:57:49,514 INFO [[378, 5, 516, 382]]
2020-07-25 15:57:49,633 INFO [[379, 6, 516, 381]]
2020-07-25 15:57:49,754 INFO [[379, 4, 516, 382]]
2020-07-25 15:57:49,872 INFO [[378, 2, 514, 382]]
2020-07-25 15:57:49,983 INFO [[378, 3, 515, 382]]
2020-07-25 15:57:50,105 INFO [[378, 3, 515, 382]]
2020-07-25 15:57:50,226 INFO [[378, 4, 515, 382]]
2020-07-25 15:57:50,345 INFO [[378, 3, 514, 382]]
2020-07-25 15:57:50,455 INFO [[377, 3, 515, 382]]
2020-07-25 15:57:50,564 INFO [[377, 3, 515, 381]]
2020-07-25 15:57:50,675 INFO [[379, 3, 515, 380]]
2020-07-25 15:57:50,784 INFO [[379, 3, 514, 381]]
2020-07-25 15:57:50,894 INFO [[380, 3, 514, 381]]
2020-07-25 15:57:51,011 INFO [[381, 5, 514, 380]]
2020-07-25 15:57:51,131 INFO [[381, 4, 514, 380]]
2020-07-25 15:57:51,240 INFO [[381, 4, 514, 381]]
2020-07-25 15:57:51,350 INFO [[381, 6, 514, 380]]
2020-07-25 15:57:51,466 INFO [[381, 6, 514, 381]]
2020-07-25 15:57:51,583 INFO [[380, 7, 514, 381]]
2020-07-25 15:57:51,701 INFO [[380, 7, 514, 382]]
2020-07-25 15:57:51,818 INFO [[380, 7, 514, 383]]
2020-07-25 15:57:51,942 INFO [[380, 8, 513, 383]]
2020-07-25 15:57:52,051 INFO [[379, 8, 513, 384]]
2020-07-25 15:57:52,161 INFO [[379, 7, 512, 384]]
2020-07-25 15:57:52,271 INFO [[380, 8, 512, 384]]
2020-07-25 15:57:52,394 INFO [[379, 7, 513, 385]]
2020-07-25 15:57:52,517 INFO [[380, 8, 512, 385]]
2020-07-25 15:57:52,632 INFO [[380, 8, 513, 385]]
2020-07-25 15:57:52,752 INFO [[380, 8, 513, 384]]
2020-07-25 15:57:52,862 INFO [[380, 8, 513, 383]]
2020-07-25 15:57:52,981 INFO [[380, 8, 513, 383]]
2020-07-25 15:57:53,103 INFO [[380, 8, 514, 383]]
2020-07-25 15:57:53,222 INFO [[380, 8, 515, 383]]
2020-07-25 15:57:53,342 INFO [[380, 7, 513, 384]]
2020-07-25 15:57:53,449 INFO [[381, 7, 512, 383]]
2020-07-25 15:57:53,559 INFO [[380, 7, 512, 384]]
2020-07-25 15:57:53,677 INFO [[380, 7, 512, 384]]
2020-07-25 15:57:53,796 INFO [[380, 7, 513, 382]]
2020-07-25 15:57:53,915 INFO [[380, 7, 513, 382]]
2020-07-25 15:57:54,024 INFO [[380, 7, 513, 382]]
2020-07-25 15:57:54,139 INFO [[380, 6, 512, 382]]
2020-07-25 15:57:54,247 INFO [[380, 6, 513, 382]]
2020-07-25 15:57:54,361 INFO [[380, 6, 512, 382]]
2020-07-25 15:57:54,481 INFO [[381, 5, 511, 381]]
2020-07-25 15:57:54,603 INFO [[381, 6, 511, 382]]
2020-07-25 15:57:54,721 INFO [[381, 6, 511, 381]]
2020-07-25 15:57:54,840 INFO [[381, 7, 511, 381]]
2020-07-25 15:57:54,959 INFO [[381, 6, 512, 382]]
2020-07-25 15:57:55,076 INFO [[381, 6, 512, 382]]
2020-07-25 15:57:55,196 INFO [[381, 6, 512, 382]]
2020-07-25 15:57:55,310 INFO [[381, 6, 512, 382]]
2020-07-25 15:57:55,418 INFO [[381, 7, 512, 382]]
2020-07-25 15:57:55,535 INFO [[381, 7, 512, 382]]
2020-07-25 15:57:55,656 INFO [[380, 8, 512, 381]]
2020-07-25 15:57:55,766 INFO [[381, 8, 512, 382]]
2020-07-25 15:57:55,885 INFO [[380, 8, 513, 382]]
2020-07-25 15:57:56,005 INFO [[380, 8, 513, 382]]
2020-07-25 15:57:56,123 INFO [[380, 7, 512, 383]]
2020-07-25 15:57:56,242 INFO [[380, 8, 512, 384]]
2020-07-25 15:57:56,365 INFO [[380, 8, 512, 384]]
2020-07-25 15:57:56,485 INFO [[379, 8, 513, 384]]
2020-07-25 15:57:56,599 INFO [[379, 8, 513, 384]]
2020-07-25 15:57:56,710 INFO [[379, 7, 513, 384]]
2020-07-25 15:57:56,822 INFO [[378, 7, 512, 384]]
2020-07-25 15:57:56,943 INFO [[379, 8, 512, 384]]
2020-07-25 15:57:57,063 INFO [[380, 8, 512, 383]]
2020-07-25 15:57:57,181 INFO [[379, 8, 512, 383]]
2020-07-25 15:57:57,304 INFO [[379, 8, 512, 383]]
2020-07-25 15:57:57,424 INFO [[379, 7, 513, 384]]
2020-07-25 15:57:57,533 INFO [[378, 8, 513, 383]]
2020-07-25 15:57:57,651 INFO [[378, 7, 513, 383]]
2020-07-25 15:57:57,762 INFO [[378, 7, 513, 384]]
2020-07-25 15:57:57,871 INFO [[378, 6, 513, 384]]
2020-07-25 15:57:57,980 INFO [[379, 7, 514, 384]]
2020-07-25 15:57:58,101 INFO [[379, 8, 513, 383]]
2020-07-25 15:57:58,221 INFO [[380, 8, 513, 383]]
2020-07-25 15:57:58,333 INFO [[380, 9, 513, 383]]
2020-07-25 15:57:58,452 INFO [[380, 9, 513, 382]]
2020-07-25 15:57:58,572 INFO [[380, 9, 514, 383]]
2020-07-25 15:57:58,682 INFO [[380, 10, 514, 382]]
2020-07-25 15:57:58,792 INFO [[381, 9, 515, 381]]
2020-07-25 15:57:58,912 INFO [[380, 8, 516, 383]]
2020-07-25 15:57:59,020 INFO [[380, 7, 517, 382]]
2020-07-25 15:57:59,130 INFO []
2020-07-25 15:57:59,250 INFO []
2020-07-25 15:57:59,359 INFO [[405, 8, 546, 384]]
2020-07-25 15:57:59,469 INFO [[401, 33, 561, 384]]
2020-07-25 15:57:59,588 INFO [[407, 26, 578, 393]]
2020-07-25 15:57:59,698 INFO [[411, 26, 600, 396]]
2020-07-25 15:57:59,817 INFO [[442, 42, 608, 384]]
2020-07-25 15:57:59,926 INFO [[490, 28, 645, 394]]
2020-07-25 15:58:00,043 INFO [[483, 41, 663, 393]]
2020-07-25 15:58:00,159 INFO [[498, 39, 698, 396]]
2020-07-25 15:58:00,277 INFO [[510, 30, 729, 389]]
2020-07-25 15:58:00,387 INFO []
2020-07-25 15:58:00,507 INFO []
2020-07-25 15:58:00,641 INFO []
2020-07-25 15:58:00,763 INFO []
2020-07-25 15:58:00,887 INFO []
2020-07-25 15:58:01,007 INFO []
2020-07-25 15:58:01,128 INFO []
2020-07-25 15:58:01,248 INFO []
2020-07-25 15:58:01,357 INFO []
2020-07-25 15:58:01,473 INFO []
2020-07-25 15:58:01,594 INFO []
2020-07-25 15:58:01,713 INFO []
2020-07-25 15:58:01,829 INFO []
2020-07-25 15:58:01,959 INFO []
2020-07-25 15:58:02,076 INFO []
2020-07-25 15:58:02,197 INFO []
2020-07-25 15:58:02,314 INFO []
2020-07-25 15:58:02,430 INFO []
2020-07-25 15:58:02,550 INFO []
2020-07-25 15:58:02,668 INFO []
2020-07-25 15:58:02,776 INFO []
2020-07-25 15:58:02,899 INFO []
2020-07-25 15:58:03,016 INFO []
2020-07-25 15:58:03,138 INFO []
2020-07-25 15:58:03,258 INFO []
2020-07-25 15:58:03,368 INFO []
2020-07-25 15:58:03,488 INFO []
2020-07-25 15:58:03,613 INFO []
2020-07-25 15:58:03,729 INFO []
2020-07-25 15:58:03,847 INFO []
2020-07-25 15:58:03,968 INFO []
2020-07-25 15:58:04,090 INFO []
2020-07-25 15:58:04,199 INFO []
2020-07-25 15:58:04,322 INFO []
2020-07-25 15:58:04,431 INFO []
2020-07-25 15:58:04,552 INFO []
2020-07-25 15:58:04,673 INFO []
2020-07-25 15:58:04,781 INFO []
2020-07-25 15:58:04,901 INFO [[162, 277, 423, 428]]
2020-07-25 15:58:05,020 INFO [[209, 216, 442, 430]]
2020-07-25 15:58:05,139 INFO [[237, 165, 485, 432]]
2020-07-25 15:58:05,254 INFO [[254, 145, 481, 429]]
2020-07-25 15:58:05,362 INFO [[280, 124, 480, 428]]
2020-07-25 15:58:05,471 INFO [[297, 112, 489, 431]]
2020-07-25 15:58:05,580 INFO [[320, 89, 498, 430]]
2020-07-25 15:58:05,691 INFO [[324, 69, 520, 432]]
2020-07-25 15:58:05,812 INFO [[333, 50, 520, 430]]
2020-07-25 15:58:05,922 INFO [[336, 44, 523, 420]]
2020-07-25 15:58:06,043 INFO [[341, 35, 527, 432]]
2020-07-25 15:58:06,163 INFO [[349, 25, 529, 418]]
2020-07-25 15:58:06,281 INFO [[361, 14, 526, 416]]
2020-07-25 15:58:06,391 INFO [[372, 9, 532, 388]]
2020-07-25 15:58:06,512 INFO [[374, 2, 535, 366]]
2020-07-25 15:58:06,634 INFO [[374, 1, 537, 361]]
2020-07-25 15:58:06,754 INFO []
2020-07-25 15:58:06,874 INFO []
2020-07-25 15:58:06,999 INFO [[384, 2, 556, 352]]
2020-07-25 15:58:07,112 INFO [[384, 0, 555, 352]]
2020-07-25 15:58:07,227 INFO [[385, 0, 553, 353]]
2020-07-25 15:58:07,343 INFO [[387, 2, 552, 356]]
2020-07-25 15:58:07,464 INFO []
2020-07-25 15:58:07,573 INFO []
2020-07-25 15:58:07,695 INFO []
2020-07-25 15:58:07,816 INFO []
2020-07-25 15:58:07,936 INFO []
2020-07-25 15:58:08,054 INFO []
2020-07-25 15:58:08,173 INFO []
2020-07-25 15:58:08,289 INFO []
2020-07-25 15:58:08,408 INFO []
2020-07-25 15:58:08,526 INFO []
2020-07-25 15:58:08,639 INFO []
2020-07-25 15:58:08,756 INFO []
2020-07-25 15:58:08,884 INFO []
2020-07-25 15:58:09,000 INFO []
2020-07-25 15:58:09,118 INFO []
2020-07-25 15:58:09,243 INFO []
2020-07-25 15:58:09,367 INFO []
2020-07-25 15:58:09,488 INFO []
2020-07-25 15:58:09,609 INFO []
2020-07-25 15:58:09,724 INFO []
2020-07-25 15:58:09,843 INFO []
2020-07-25 15:58:09,964 INFO []
2020-07-25 15:58:10,076 INFO []
2020-07-25 15:58:10,197 INFO []
2020-07-25 15:58:10,319 INFO []
2020-07-25 15:58:10,432 INFO []
2020-07-25 15:58:25,234 INFO []
